polybar|warn:  No monitor specified, using "eDP-1-1"
polybar|warn:  Alpha support for the systray is limited. See the wiki for more details.
polybar|warn:  Dropping unmatched character  (U+e0cb)
polybar|warn:  Dropping unmatched character  (U+e016)
polybar|warn:  Dropping unmatched character  (U+e0cb)
polybar|warn:  Dropping unmatched character  (U+e016)
polybar|warn:  Dropping unmatched character  (U+e0cb)
polybar|warn:  Dropping unmatched character  (U+e016)
polybar|warn:  Dropping unmatched character  (U+e0cb)
polybar|warn:  Dropping unmatched character  (U+e016)
polybar|warn:  Dropping unmatched character  (U+e0cb)
polybar|warn:  Dropping unmatched character  (U+e016)
polybar|warn:  Dropping unmatched character  (U+e0cb)
polybar|warn:  Dropping unmatched character  (U+e016)
polybar|warn:  Dropping unmatched character  (U+e0cb)
polybar|warn:  Dropping unmatched character  (U+e016)
polybar|warn:  Termination signal received, shutting down...
polybar|warn:  No monitor specified, using "eDP-1-1"
polybar|error: Disabling module "temperature" (reason: The file '/sys/devices/platform/coretemp.0/hwmon/hwmon2/temp2_input' does not exist)
polybar|warn:  Alpha support for the systray is limited. See the wiki for more details.
polybar|warn:  Dropping unmatched character  (U+e016)
polybar|warn:  Dropping unmatched character  (U+e016)
polybar|warn:  Dropping unmatched character  (U+e016)
polybar|warn:  Dropping unmatched character  (U+e016)
polybar|warn:  Dropping unmatched character  (U+e016)
polybar|warn:  Termination signal received, shutting down...
polybar|warn:  module/i3: Attempting to reconnect socket (reason: Unexpected EOF while reading header)
polybar|warn:  No monitor specified, using "eDP-1-1"
polybar|error: Disabling module "i3" (reason: Could not find socket: /run/user/1000/i3/ipc-socket.2345)
polybar|warn:  Dropping unmatched character  (U+e016)
polybar|warn:  Dropping unmatched character  (U+e016)
polybar|warn:  Dropping unmatched character  (U+e016)
polybar|warn:  Dropping unmatched character  (U+e016)
polybar|warn:  Dropping unmatched character  (U+e016)
polybar|warn:  Dropping unmatched character  (U+e016)
polybar|warn:  Dropping unmatched character  (U+e016)
polybar|warn:  Dropping unmatched character  (U+e016)
polybar|warn:  Dropping unmatched character  (U+e016)
polybar|warn:  Dropping unmatched character  (U+e016)
polybar|warn:  Dropping unmatched character  (U+e016)
polybar|warn:  Dropping unmatched character  (U+e016)
polybar|warn:  Dropping unmatched character  (U+e016)
polybar|warn:  Dropping unmatched character  (U+e016)
polybar|warn:  Dropping unmatched character  (U+e016)
polybar|warn:  Dropping unmatched character  (U+e016)
polybar|warn:  Dropping unmatched character  (U+e016)
polybar|warn:  Dropping unmatched character  (U+e016)
polybar|warn:  Dropping unmatched character  (U+e016)
polybar|warn:  Dropping unmatched character  (U+e016)
polybar|warn:  Dropping unmatched character  (U+e016)
polybar|warn:  Dropping unmatched character  (U+e016)
polybar|warn:  Dropping unmatched character  (U+e016)
polybar|warn:  Dropping unmatched character  (U+e016)
polybar|warn:  Dropping unmatched character  (U+e016)
polybar|warn:  Dropping unmatched character  (U+e016)
polybar|warn:  Dropping unmatched character  (U+e016)
polybar|warn:  Termination signal received, shutting down...
